::1 - - [12/Jun/2020:15:52:18 +0000] "GET /api/auth/logout HTTP/1.1" 204 - "-" "PostmanRuntime/7.25.0"
::1 - - [12/Jun/2020:16:36:46 +0000] "POST /api/auth/register HTTP/1.1" 200 67 "-" "PostmanRuntime/7.25.0"
::1 - - [12/Jun/2020:16:53:34 +0000] "POST /api/profile/syncBJ HTTP/1.1" 404 9 "-" "PostmanRuntime/7.25.0"
::1 - - [12/Jun/2020:16:53:54 +0000] "POST /api/profile/syncBJ HTTP/1.1" 405 18 "-" "PostmanRuntime/7.25.0"
::1 - - [12/Jun/2020:16:54:00 +0000] "PATCH /api/profile/syncBJ HTTP/1.1" 404 9 "-" "PostmanRuntime/7.25.0"
::1 - - [13/Jun/2020:06:37:54 +0000] "POST /api/profile/setprofile HTTP/1.1" 400 304 "-" "PostmanRuntime/7.25.0"
::1 - - [13/Jun/2020:06:38:12 +0000] "POST /api/profile/setprofile HTTP/1.1" 400 322 "-" "PostmanRuntime/7.25.0"
::1 - - [13/Jun/2020:06:38:29 +0000] "POST /api/profile/setprofile HTTP/1.1" 400 322 "-" "PostmanRuntime/7.25.0"
::1 - - [13/Jun/2020:06:38:34 +0000] "POST /api/profile/setprofile HTTP/1.1" 400 322 "-" "PostmanRuntime/7.25.0"
::1 - - [13/Jun/2020:06:38:49 +0000] "POST /api/profile/setprofile HTTP/1.1" 400 322 "-" "PostmanRuntime/7.25.0"
::1 - - [13/Jun/2020:06:39:19 +0000] "POST /api/profile/setprofile HTTP/1.1" 400 322 "-" "PostmanRuntime/7.25.0"
::1 - - [13/Jun/2020:06:49:56 +0000] "POST /api/profile/setprofile HTTP/1.1" 400 322 "-" "PostmanRuntime/7.25.0"
::1 - - [13/Jun/2020:06:50:25 +0000] "POST /api/profile/setprofile HTTP/1.1" 400 322 "-" "PostmanRuntime/7.25.0"
::1 - - [13/Jun/2020:06:51:32 +0000] "POST /api/profile/setprofile HTTP/1.1" 200 113 "-" "PostmanRuntime/7.25.0"
::1 - - [13/Jun/2020:06:55:35 +0000] "PATCH /api/profile/syncBJ HTTP/1.1" 404 9 "-" "PostmanRuntime/7.25.0"
::1 - - [13/Jun/2020:06:57:25 +0000] "PATCH /api/profile/syncBJ HTTP/1.1" 404 9 "-" "PostmanRuntime/7.25.0"
::1 - - [13/Jun/2020:06:59:46 +0000] "PATCH /api/profile/syncBJ HTTP/1.1" 500 21 "-" "PostmanRuntime/7.25.0"
::1 - - [13/Jun/2020:07:00:05 +0000] "PATCH /api/profile/syncBJ HTTP/1.1" 401 12 "-" "PostmanRuntime/7.25.0"
::1 - - [13/Jun/2020:07:00:38 +0000] "PATCH /api/profile/syncBJ HTTP/1.1" 401 12 "-" "PostmanRuntime/7.25.0"
::1 - - [13/Jun/2020:07:04:45 +0000] "PATCH /api/profile/syncBJ HTTP/1.1" 500 21 "-" "PostmanRuntime/7.25.0"
::1 - - [13/Jun/2020:07:07:00 +0000] "PATCH /api/profile/syncBJ HTTP/1.1" 404 9 "-" "PostmanRuntime/7.25.0"
::1 - - [13/Jun/2020:07:07:49 +0000] "PATCH /api/profile/syncBJ HTTP/1.1" 404 9 "-" "PostmanRuntime/7.25.0"
